# JRE version: OpenJDK Runtime Environment (8.0_212-b04) (build 1.8.0_212-release-1586-b04)
# Java VM: OpenJDK 64-Bit Server VM (25.212-b04 mixed mode windows-amd64 compressed oops)
Heap:
 PSYoungGen      total 194560K, used 39220K [0x00000000e0000000, 0x00000000efe00000, 0x0000000100000000)
  eden space 182272K, 14% used [0x00000000e0000000,0x00000000e1a530f0,0x00000000eb200000)
  from space 12288K, 99% used [0x00000000ec680000,0x00000000ed27a168,0x00000000ed280000)
  to   space 20992K, 0% used [0x00000000eb200000,0x00000000eb200000,0x00000000ec680000)
 ParOldGen       total 126464K, used 42410K [0x00000000a0000000, 0x00000000a7b80000, 0x00000000e0000000)
  object space 126464K, 33% used [0x00000000a0000000,0x00000000a296abd0,0x00000000a7b80000)
 Metaspace       used 66392K, capacity 68720K, committed 68760K, reserved 1107968K
  class space    used 9090K, capacity 9607K, committed 9624K, reserved 1048576K
GC Heap History (10 events):
Event: 7.980 GC heap before
{Heap before GC invocations=9 (full 2):
 PSYoungGen      total 125440K, used 10200K [0x00000000e0000000, 0x00000000ed280000, 0x0000000100000000)
  eden space 113152K, 0% used [0x00000000e0000000,0x00000000e0000000,0x00000000e6e80000)
  from space 12288K, 83% used [0x00000000e6e80000,0x00000000e7876250,0x00000000e7a80000)
  to   space 12288K, 0% used [0x00000000ec680000,0x00000000ec680000,0x00000000ed280000)
 ParOldGen       total 88064K, used 7446K [0x00000000a0000000, 0x00000000a5600000, 0x00000000e0000000)
  object space 88064K, 8% used [0x00000000a0000000,0x00000000a0745970,0x00000000a5600000)
 Metaspace       used 34641K, capacity 35408K, committed 35496K, reserved 1079296K
  class space    used 4760K, capacity 4993K, committed 5032K, reserved 1048576K
Event: 8.067 GC heap after
Heap after GC invocations=9 (full 2):
 PSYoungGen      total 125440K, used 0K [0x00000000e0000000, 0x00000000ed280000, 0x0000000100000000)
  eden space 113152K, 0% used [0x00000000e0000000,0x00000000e0000000,0x00000000e6e80000)
  from space 12288K, 0% used [0x00000000e6e80000,0x00000000e6e80000,0x00000000e7a80000)
  to   space 12288K, 0% used [0x00000000ec680000,0x00000000ec680000,0x00000000ed280000)
 ParOldGen       total 126464K, used 16989K [0x00000000a0000000, 0x00000000a7b80000, 0x00000000e0000000)
  object space 126464K, 13% used [0x00000000a0000000,0x00000000a1097770,0x00000000a7b80000)
 Metaspace       used 34633K, capacity 35384K, committed 35496K, reserved 1079296K
  class space    used 4758K, capacity 4989K, committed 5032K, reserved 1048576K
}
Event: 11.002 GC heap before
{Heap before GC invocations=10 (full 2):
 PSYoungGen      total 125440K, used 113152K [0x00000000e0000000, 0x00000000ed280000, 0x0000000100000000)
  eden space 113152K, 100% used [0x00000000e0000000,0x00000000e6e80000,0x00000000e6e80000)
  from space 12288K, 0% used [0x00000000e6e80000,0x00000000e6e80000,0x00000000e7a80000)
  to   space 12288K, 0% used [0x00000000ec680000,0x00000000ec680000,0x00000000ed280000)
 ParOldGen       total 126464K, used 16989K [0x00000000a0000000, 0x00000000a7b80000, 0x00000000e0000000)
  object space 126464K, 13% used [0x00000000a0000000,0x00000000a1097770,0x00000000a7b80000)
 Metaspace       used 45383K, capacity 46510K, committed 46888K, reserved 1089536K
  class space    used 6083K, capacity 6383K, committed 6440K, reserved 1048576K
Event: 11.028 GC heap after
Heap after GC invocations=10 (full 2):
 PSYoungGen      total 192512K, used 12257K [0x00000000e0000000, 0x00000000ed280000, 0x0000000100000000)
  eden space 180224K, 0% used [0x00000000e0000000,0x00000000e0000000,0x00000000eb000000)
  from space 12288K, 99% used [0x00000000ec680000,0x00000000ed278720,0x00000000ed280000)
  to   space 14336K, 0% used [0x00000000eb680000,0x00000000eb680000,0x00000000ec480000)
 ParOldGen       total 126464K, used 18936K [0x00000000a0000000, 0x00000000a7b80000, 0x00000000e0000000)
  object space 126464K, 14% used [0x00000000a0000000,0x00000000a127e028,0x00000000a7b80000)
 Metaspace       used 45383K, capacity 46510K, committed 46888K, reserved 1089536K
  class space    used 6083K, capacity 6383K, committed 6440K, reserved 1048576K
}
Event: 15.091 GC heap before
{Heap before GC invocations=11 (full 2):
 PSYoungGen      total 192512K, used 167376K [0x00000000e0000000, 0x00000000ed280000, 0x0000000100000000)
  eden space 180224K, 86% used [0x00000000e0000000,0x00000000e977bcd8,0x00000000eb000000)
  from space 12288K, 99% used [0x00000000ec680000,0x00000000ed278720,0x00000000ed280000)
  to   space 14336K, 0% used [0x00000000eb680000,0x00000000eb680000,0x00000000ec480000)
 ParOldGen       total 126464K, used 18936K [0x00000000a0000000, 0x00000000a7b80000, 0x00000000e0000000)
  object space 126464K, 14% used [0x00000000a0000000,0x00000000a127e028,0x00000000a7b80000)
 Metaspace       used 57182K, capacity 59050K, committed 59160K, reserved 1099776K
  class space    used 7896K, capacity 8362K, committed 8472K, reserved 1048576K
Event: 15.139 GC heap after
Heap after GC invocations=11 (full 2):
 PSYoungGen      total 194560K, used 14333K [0x00000000e0000000, 0x00000000ed280000, 0x0000000100000000)
  eden space 180224K, 0% used [0x00000000e0000000,0x00000000e0000000,0x00000000eb000000)
  from space 14336K, 99% used [0x00000000eb680000,0x00000000ec47f7b0,0x00000000ec480000)
  to   space 12288K, 0% used [0x00000000ec680000,0x00000000ec680000,0x00000000ed280000)
 ParOldGen       total 126464K, used 28745K [0x00000000a0000000, 0x00000000a7b80000, 0x00000000e0000000)
  object space 126464K, 22% used [0x00000000a0000000,0x00000000a1c12518,0x00000000a7b80000)
 Metaspace       used 57182K, capacity 59050K, committed 59160K, reserved 1099776K
  class space    used 7896K, capacity 8362K, committed 8472K, reserved 1048576K
}
Event: 15.139 GC heap before
{Heap before GC invocations=12 (full 3):
 PSYoungGen      total 194560K, used 14333K [0x00000000e0000000, 0x00000000ed280000, 0x0000000100000000)
  eden space 180224K, 0% used [0x00000000e0000000,0x00000000e0000000,0x00000000eb000000)
  from space 14336K, 99% used [0x00000000eb680000,0x00000000ec47f7b0,0x00000000ec480000)
  to   space 12288K, 0% used [0x00000000ec680000,0x00000000ec680000,0x00000000ed280000)
 ParOldGen       total 126464K, used 28745K [0x00000000a0000000, 0x00000000a7b80000, 0x00000000e0000000)
  object space 126464K, 22% used [0x00000000a0000000,0x00000000a1c12518,0x00000000a7b80000)
 Metaspace       used 57182K, capacity 59050K, committed 59160K, reserved 1099776K
  class space    used 7896K, capacity 8362K, committed 8472K, reserved 1048576K
Event: 15.697 GC heap after
Heap after GC invocations=12 (full 3):
 PSYoungGen      total 194560K, used 0K [0x00000000e0000000, 0x00000000ed280000, 0x0000000100000000)
  eden space 180224K, 0% used [0x00000000e0000000,0x00000000e0000000,0x00000000eb000000)
  from space 14336K, 0% used [0x00000000eb680000,0x00000000eb680000,0x00000000ec480000)
  to   space 12288K, 0% used [0x00000000ec680000,0x00000000ec680000,0x00000000ed280000)
 ParOldGen       total 126464K, used 37834K [0x00000000a0000000, 0x00000000a7b80000, 0x00000000e0000000)
  object space 126464K, 29% used [0x00000000a0000000,0x00000000a24f29b0,0x00000000a7b80000)
 Metaspace       used 57144K, capacity 58966K, committed 59160K, reserved 1099776K
  class space    used 7883K, capacity 8340K, committed 8472K, reserved 1048576K
}
Event: 20.709 GC heap before
{Heap before GC invocations=13 (full 3):
 PSYoungGen      total 194560K, used 180224K [0x00000000e0000000, 0x00000000ed280000, 0x0000000100000000)
  eden space 180224K, 100% used [0x00000000e0000000,0x00000000eb000000,0x00000000eb000000)
  from space 14336K, 0% used [0x00000000eb680000,0x00000000eb680000,0x00000000ec480000)
  to   space 12288K, 0% used [0x00000000ec680000,0x00000000ec680000,0x00000000ed280000)
 ParOldGen       total 126464K, used 37834K [0x00000000a0000000, 0x00000000a7b80000, 0x00000000e0000000)
  object space 126464K, 29% used [0x00000000a0000000,0x00000000a24f29b0,0x00000000a7b80000)
 Metaspace       used 64618K, capacity 66858K, committed 66968K, reserved 1107968K
  class space    used 8809K, capacity 9336K, committed 9368K, reserved 1048576K
Event: 20.756 GC heap after
Heap after GC invocations=13 (full 3):
 PSYoungGen      total 194560K, used 12264K [0x00000000e0000000, 0x00000000efe00000, 0x0000000100000000)
  eden space 182272K, 0% used [0x00000000e0000000,0x00000000e0000000,0x00000000eb200000)
  from space 12288K, 99% used [0x00000000ec680000,0x00000000ed27a168,0x00000000ed280000)
  to   space 20992K, 0% used [0x00000000eb200000,0x00000000eb200000,0x00000000ec680000)
 ParOldGen       total 126464K, used 42410K [0x00000000a0000000, 0x00000000a7b80000, 0x00000000e0000000)
  object space 126464K, 33% used [0x00000000a0000000,0x00000000a296abd0,0x00000000a7b80000)
 Metaspace       used 64618K, capacity 66858K, committed 66968K, reserved 1107968K
  class space    used 8809K, capacity 9336K, committed 9368K, reserved 1048576K
}

