# JRE version: OpenJDK Runtime Environment (8.0_212-b04) (build 1.8.0_212-release-1586-b04)
# Java VM: OpenJDK 64-Bit Server VM (25.212-b04 mixed mode windows-amd64 compressed oops)
Heap:
 PSYoungGen      total 225280K, used 101946K [0x00000000e0000000, 0x00000000efb80000, 0x0000000100000000)
  eden space 212992K, 42% used [0x00000000e0000000,0x00000000e578faf0,0x00000000ed000000)
  from space 12288K, 99% used [0x00000000eef80000,0x00000000efb7f060,0x00000000efb80000)
  to   space 15360K, 0% used [0x00000000edd80000,0x00000000edd80000,0x00000000eec80000)
 ParOldGen       total 110080K, used 46034K [0x00000000a0000000, 0x00000000a6b80000, 0x00000000e0000000)
  object space 110080K, 41% used [0x00000000a0000000,0x00000000a2cf4930,0x00000000a6b80000)
 Metaspace       used 72810K, capacity 75742K, committed 75992K, reserved 1114112K
  class space    used 10073K, capacity 10706K, committed 10712K, reserved 1048576K
GC Heap History (10 events):
Event: 31.723 GC heap before
{Heap before GC invocations=9 (full 2):
 PSYoungGen      total 136704K, used 10125K [0x00000000e0000000, 0x00000000efb80000, 0x0000000100000000)
  eden space 124416K, 0% used [0x00000000e0000000,0x00000000e0000000,0x00000000e7980000)
  from space 12288K, 82% used [0x00000000e7980000,0x00000000e8363540,0x00000000e8580000)
  to   space 12288K, 0% used [0x00000000eef80000,0x00000000eef80000,0x00000000efb80000)
 ParOldGen       total 80384K, used 7478K [0x00000000a0000000, 0x00000000a4e80000, 0x00000000e0000000)
  object space 80384K, 9% used [0x00000000a0000000,0x00000000a074db70,0x00000000a4e80000)
 Metaspace       used 34646K, capacity 35448K, committed 35456K, reserved 1079296K
  class space    used 4760K, capacity 4989K, committed 4992K, reserved 1048576K
Event: 31.807 GC heap after
Heap after GC invocations=9 (full 2):
 PSYoungGen      total 136704K, used 0K [0x00000000e0000000, 0x00000000efb80000, 0x0000000100000000)
  eden space 124416K, 0% used [0x00000000e0000000,0x00000000e0000000,0x00000000e7980000)
  from space 12288K, 0% used [0x00000000e7980000,0x00000000e7980000,0x00000000e8580000)
  to   space 12288K, 0% used [0x00000000eef80000,0x00000000eef80000,0x00000000efb80000)
 ParOldGen       total 110080K, used 16893K [0x00000000a0000000, 0x00000000a6b80000, 0x00000000e0000000)
  object space 110080K, 15% used [0x00000000a0000000,0x00000000a107f400,0x00000000a6b80000)
 Metaspace       used 34646K, capacity 35448K, committed 35456K, reserved 1079296K
  class space    used 4760K, capacity 4989K, committed 4992K, reserved 1048576K
}
Event: 34.714 GC heap before
{Heap before GC invocations=10 (full 2):
 PSYoungGen      total 136704K, used 124416K [0x00000000e0000000, 0x00000000efb80000, 0x0000000100000000)
  eden space 124416K, 100% used [0x00000000e0000000,0x00000000e7980000,0x00000000e7980000)
  from space 12288K, 0% used [0x00000000e7980000,0x00000000e7980000,0x00000000e8580000)
  to   space 12288K, 0% used [0x00000000eef80000,0x00000000eef80000,0x00000000efb80000)
 ParOldGen       total 110080K, used 16893K [0x00000000a0000000, 0x00000000a6b80000, 0x00000000e0000000)
  object space 110080K, 15% used [0x00000000a0000000,0x00000000a107f400,0x00000000a6b80000)
 Metaspace       used 47391K, capacity 48454K, committed 48640K, reserved 1091584K
  class space    used 6328K, capacity 6600K, committed 6656K, reserved 1048576K
Event: 34.755 GC heap after
Heap after GC invocations=10 (full 2):
 PSYoungGen      total 225280K, used 12264K [0x00000000e0000000, 0x00000000efb80000, 0x0000000100000000)
  eden space 212992K, 0% used [0x00000000e0000000,0x00000000e0000000,0x00000000ed000000)
  from space 12288K, 99% used [0x00000000eef80000,0x00000000efb7a118,0x00000000efb80000)
  to   space 15360K, 0% used [0x00000000edd80000,0x00000000edd80000,0x00000000eec80000)
 ParOldGen       total 110080K, used 21040K [0x00000000a0000000, 0x00000000a6b80000, 0x00000000e0000000)
  object space 110080K, 19% used [0x00000000a0000000,0x00000000a148c358,0x00000000a6b80000)
 Metaspace       used 47391K, capacity 48454K, committed 48640K, reserved 1091584K
  class space    used 6328K, capacity 6600K, committed 6656K, reserved 1048576K
}
Event: 38.204 GC heap before
{Heap before GC invocations=11 (full 2):
 PSYoungGen      total 225280K, used 154333K [0x00000000e0000000, 0x00000000efb80000, 0x0000000100000000)
  eden space 212992K, 66% used [0x00000000e0000000,0x00000000e8abd6d8,0x00000000ed000000)
  from space 12288K, 99% used [0x00000000eef80000,0x00000000efb7a118,0x00000000efb80000)
  to   space 15360K, 0% used [0x00000000edd80000,0x00000000edd80000,0x00000000eec80000)
 ParOldGen       total 110080K, used 21040K [0x00000000a0000000, 0x00000000a6b80000, 0x00000000e0000000)
  object space 110080K, 19% used [0x00000000a0000000,0x00000000a148c358,0x00000000a6b80000)
 Metaspace       used 57136K, capacity 59058K, committed 59096K, reserved 1099776K
  class space    used 7902K, capacity 8372K, committed 8408K, reserved 1048576K
Event: 38.245 GC heap after
Heap after GC invocations=11 (full 2):
 PSYoungGen      total 228352K, used 15341K [0x00000000e0000000, 0x00000000efb80000, 0x0000000100000000)
  eden space 212992K, 0% used [0x00000000e0000000,0x00000000e0000000,0x00000000ed000000)
  from space 15360K, 99% used [0x00000000edd80000,0x00000000eec7b7c0,0x00000000eec80000)
  to   space 12288K, 0% used [0x00000000eef80000,0x00000000eef80000,0x00000000efb80000)
 ParOldGen       total 110080K, used 29151K [0x00000000a0000000, 0x00000000a6b80000, 0x00000000e0000000)
  object space 110080K, 26% used [0x00000000a0000000,0x00000000a1c77fb8,0x00000000a6b80000)
 Metaspace       used 57136K, capacity 59058K, committed 59096K, reserved 1099776K
  class space    used 7902K, capacity 8372K, committed 8408K, reserved 1048576K
}
Event: 38.245 GC heap before
{Heap before GC invocations=12 (full 3):
 PSYoungGen      total 228352K, used 15341K [0x00000000e0000000, 0x00000000efb80000, 0x0000000100000000)
  eden space 212992K, 0% used [0x00000000e0000000,0x00000000e0000000,0x00000000ed000000)
  from space 15360K, 99% used [0x00000000edd80000,0x00000000eec7b7c0,0x00000000eec80000)
  to   space 12288K, 0% used [0x00000000eef80000,0x00000000eef80000,0x00000000efb80000)
 ParOldGen       total 110080K, used 29151K [0x00000000a0000000, 0x00000000a6b80000, 0x00000000e0000000)
  object space 110080K, 26% used [0x00000000a0000000,0x00000000a1c77fb8,0x00000000a6b80000)
 Metaspace       used 57136K, capacity 59058K, committed 59096K, reserved 1099776K
  class space    used 7902K, capacity 8372K, committed 8408K, reserved 1048576K
Event: 38.583 GC heap after
Heap after GC invocations=12 (full 3):
 PSYoungGen      total 228352K, used 0K [0x00000000e0000000, 0x00000000efb80000, 0x0000000100000000)
  eden space 212992K, 0% used [0x00000000e0000000,0x00000000e0000000,0x00000000ed000000)
  from space 15360K, 0% used [0x00000000edd80000,0x00000000edd80000,0x00000000eec80000)
  to   space 12288K, 0% used [0x00000000eef80000,0x00000000eef80000,0x00000000efb80000)
 ParOldGen       total 110080K, used 37300K [0x00000000a0000000, 0x00000000a6b80000, 0x00000000e0000000)
  object space 110080K, 33% used [0x00000000a0000000,0x00000000a246d298,0x00000000a6b80000)
 Metaspace       used 57087K, capacity 58926K, committed 59096K, reserved 1099776K
  class space    used 7887K, capacity 8344K, committed 8408K, reserved 1048576K
}
Event: 48.689 GC heap before
{Heap before GC invocations=13 (full 3):
 PSYoungGen      total 228352K, used 212992K [0x00000000e0000000, 0x00000000efb80000, 0x0000000100000000)
  eden space 212992K, 100% used [0x00000000e0000000,0x00000000ed000000,0x00000000ed000000)
  from space 15360K, 0% used [0x00000000edd80000,0x00000000edd80000,0x00000000eec80000)
  to   space 12288K, 0% used [0x00000000eef80000,0x00000000eef80000,0x00000000efb80000)
 ParOldGen       total 110080K, used 37300K [0x00000000a0000000, 0x00000000a6b80000, 0x00000000e0000000)
  object space 110080K, 33% used [0x00000000a0000000,0x00000000a246d298,0x00000000a6b80000)
 Metaspace       used 68319K, capacity 70714K, committed 70872K, reserved 1110016K
  class space    used 9351K, capacity 9890K, committed 9944K, reserved 1048576K
Event: 48.724 GC heap after
Heap after GC invocations=13 (full 3):
 PSYoungGen      total 225280K, used 12284K [0x00000000e0000000, 0x00000000efb80000, 0x0000000100000000)
  eden space 212992K, 0% used [0x00000000e0000000,0x00000000e0000000,0x00000000ed000000)
  from space 12288K, 99% used [0x00000000eef80000,0x00000000efb7f060,0x00000000efb80000)
  to   space 15360K, 0% used [0x00000000edd80000,0x00000000edd80000,0x00000000eec80000)
 ParOldGen       total 110080K, used 46034K [0x00000000a0000000, 0x00000000a6b80000, 0x00000000e0000000)
  object space 110080K, 41% used [0x00000000a0000000,0x00000000a2cf4930,0x00000000a6b80000)
 Metaspace       used 68319K, capacity 70714K, committed 70872K, reserved 1110016K
  class space    used 9351K, capacity 9890K, committed 9944K, reserved 1048576K
}

